{"/Users/cherubim/Development/Kurse und Tutorials/Udemy/The Complete React Web Developer Course (with Redux)/expensify-app/src/actions/expenses.js": {"path":"/Users/cherubim/Development/Kurse und Tutorials/Udemy/The Complete React Web Developer Course (with Redux)/expensify-app/src/actions/expenses.js","statementMap":{"0":{"start":{"line":4,"column":26},"end":{"line":13,"column":2}},"1":{"start":{"line":4,"column":96},"end":{"line":13,"column":1}},"2":{"start":{"line":16,"column":29},"end":{"line":19,"column":2}},"3":{"start":{"line":16,"column":47},"end":{"line":19,"column":1}},"4":{"start":{"line":22,"column":27},"end":{"line":26,"column":2}},"5":{"start":{"line":22,"column":45},"end":{"line":26,"column":1}}},"fnMap":{"0":{"name":"(anonymous_0)","decl":{"start":{"line":4,"column":26},"end":{"line":4,"column":27}},"loc":{"start":{"line":4,"column":96},"end":{"line":13,"column":1}},"line":4},"1":{"name":"(anonymous_1)","decl":{"start":{"line":16,"column":29},"end":{"line":16,"column":30}},"loc":{"start":{"line":16,"column":47},"end":{"line":19,"column":1}},"line":16},"2":{"name":"(anonymous_2)","decl":{"start":{"line":22,"column":27},"end":{"line":22,"column":28}},"loc":{"start":{"line":22,"column":45},"end":{"line":26,"column":1}},"line":22}},"branchMap":{"0":{"loc":{"start":{"line":4,"column":27},"end":{"line":4,"column":90}},"type":"default-arg","locations":[{"start":{"line":4,"column":88},"end":{"line":4,"column":90}}],"line":4},"1":{"loc":{"start":{"line":4,"column":29},"end":{"line":4,"column":45}},"type":"default-arg","locations":[{"start":{"line":4,"column":43},"end":{"line":4,"column":45}}],"line":4},"2":{"loc":{"start":{"line":4,"column":47},"end":{"line":4,"column":56}},"type":"default-arg","locations":[{"start":{"line":4,"column":54},"end":{"line":4,"column":56}}],"line":4},"3":{"loc":{"start":{"line":4,"column":58},"end":{"line":4,"column":68}},"type":"default-arg","locations":[{"start":{"line":4,"column":67},"end":{"line":4,"column":68}}],"line":4},"4":{"loc":{"start":{"line":4,"column":70},"end":{"line":4,"column":83}},"type":"default-arg","locations":[{"start":{"line":4,"column":82},"end":{"line":4,"column":83}}],"line":4},"5":{"loc":{"start":{"line":16,"column":30},"end":{"line":16,"column":41}},"type":"default-arg","locations":[{"start":{"line":16,"column":39},"end":{"line":16,"column":41}}],"line":16}},"s":{"0":3,"1":2,"2":3,"3":1,"4":3,"5":1},"f":{"0":2,"1":1,"2":1},"b":{"0":[1],"1":[1],"2":[1],"3":[1],"4":[1],"5":[0]},"_coverageSchema":"332fd63041d2c1bcb487cc26dd0d5f7d97098a6c","hash":"26db91bc553f9e032c2cb2befee70a62a609412e"}
,"/Users/cherubim/Development/Kurse und Tutorials/Udemy/The Complete React Web Developer Course (with Redux)/expensify-app/src/actions/filters.js": {"path":"/Users/cherubim/Development/Kurse und Tutorials/Udemy/The Complete React Web Developer Course (with Redux)/expensify-app/src/actions/filters.js","statementMap":{"0":{"start":{"line":2,"column":29},"end":{"line":5,"column":2}},"1":{"start":{"line":2,"column":45},"end":{"line":5,"column":1}},"2":{"start":{"line":8,"column":26},"end":{"line":10,"column":2}},"3":{"start":{"line":8,"column":33},"end":{"line":10,"column":1}},"4":{"start":{"line":13,"column":28},"end":{"line":15,"column":2}},"5":{"start":{"line":13,"column":35},"end":{"line":15,"column":1}},"6":{"start":{"line":18,"column":28},"end":{"line":21,"column":2}},"7":{"start":{"line":18,"column":42},"end":{"line":21,"column":1}},"8":{"start":{"line":24,"column":26},"end":{"line":27,"column":2}},"9":{"start":{"line":24,"column":38},"end":{"line":27,"column":1}}},"fnMap":{"0":{"name":"(anonymous_0)","decl":{"start":{"line":2,"column":29},"end":{"line":2,"column":30}},"loc":{"start":{"line":2,"column":45},"end":{"line":5,"column":1}},"line":2},"1":{"name":"(anonymous_1)","decl":{"start":{"line":8,"column":26},"end":{"line":8,"column":27}},"loc":{"start":{"line":8,"column":33},"end":{"line":10,"column":1}},"line":8},"2":{"name":"(anonymous_2)","decl":{"start":{"line":13,"column":28},"end":{"line":13,"column":29}},"loc":{"start":{"line":13,"column":35},"end":{"line":15,"column":1}},"line":13},"3":{"name":"(anonymous_3)","decl":{"start":{"line":18,"column":28},"end":{"line":18,"column":29}},"loc":{"start":{"line":18,"column":42},"end":{"line":21,"column":1}},"line":18},"4":{"name":"(anonymous_4)","decl":{"start":{"line":24,"column":26},"end":{"line":24,"column":27}},"loc":{"start":{"line":24,"column":38},"end":{"line":27,"column":1}},"line":24}},"branchMap":{"0":{"loc":{"start":{"line":2,"column":30},"end":{"line":2,"column":39}},"type":"default-arg","locations":[{"start":{"line":2,"column":37},"end":{"line":2,"column":39}}],"line":2}},"s":{"0":3,"1":2,"2":3,"3":1,"4":3,"5":1,"6":3,"7":1,"8":3,"9":1},"f":{"0":2,"1":1,"2":1,"3":1,"4":1},"b":{"0":[1]},"_coverageSchema":"332fd63041d2c1bcb487cc26dd0d5f7d97098a6c","hash":"0457009e463ee0c0bcef4b89d38251eac93945c2"}
,"/Users/cherubim/Development/Kurse und Tutorials/Udemy/The Complete React Web Developer Course (with Redux)/expensify-app/src/components/AddExpensePage.js": {"path":"/Users/cherubim/Development/Kurse und Tutorials/Udemy/The Complete React Web Developer Course (with Redux)/expensify-app/src/components/AddExpensePage.js","statementMap":{"0":{"start":{"line":8,"column":8},"end":{"line":8,"column":38}},"1":{"start":{"line":9,"column":8},"end":{"line":9,"column":36}},"2":{"start":{"line":12,"column":8},"end":{"line":19,"column":9}},"3":{"start":{"line":23,"column":27},"end":{"line":25,"column":2}},"4":{"start":{"line":23,"column":40},"end":{"line":25,"column":1}},"5":{"start":{"line":24,"column":27},"end":{"line":24,"column":56}}},"fnMap":{"0":{"name":"(anonymous_0)","decl":{"start":{"line":7,"column":15},"end":{"line":7,"column":16}},"loc":{"start":{"line":7,"column":26},"end":{"line":10,"column":5}},"line":7},"1":{"name":"(anonymous_1)","decl":{"start":{"line":11,"column":4},"end":{"line":11,"column":5}},"loc":{"start":{"line":11,"column":13},"end":{"line":20,"column":5}},"line":11},"2":{"name":"(anonymous_2)","decl":{"start":{"line":23,"column":27},"end":{"line":23,"column":28}},"loc":{"start":{"line":23,"column":40},"end":{"line":25,"column":1}},"line":23},"3":{"name":"(anonymous_3)","decl":{"start":{"line":24,"column":16},"end":{"line":24,"column":17}},"loc":{"start":{"line":24,"column":27},"end":{"line":24,"column":56}},"line":24}},"branchMap":{},"s":{"0":1,"1":1,"2":2,"3":1,"4":0,"5":0},"f":{"0":1,"1":2,"2":0,"3":0},"b":{},"_coverageSchema":"332fd63041d2c1bcb487cc26dd0d5f7d97098a6c","hash":"d28033f069fe28f8abe9c4b868ac6c959cf02c78"}
,"/Users/cherubim/Development/Kurse und Tutorials/Udemy/The Complete React Web Developer Course (with Redux)/expensify-app/src/components/EditExpensePage.js": {"path":"/Users/cherubim/Development/Kurse und Tutorials/Udemy/The Complete React Web Developer Course (with Redux)/expensify-app/src/components/EditExpensePage.js","statementMap":{"0":{"start":{"line":8,"column":8},"end":{"line":8,"column":62}},"1":{"start":{"line":9,"column":8},"end":{"line":9,"column":36}},"2":{"start":{"line":12,"column":8},"end":{"line":12,"column":63}},"3":{"start":{"line":13,"column":8},"end":{"line":13,"column":36}},"4":{"start":{"line":16,"column":8},"end":{"line":24,"column":9}},"5":{"start":{"line":28,"column":24},"end":{"line":30,"column":2}},"6":{"start":{"line":28,"column":43},"end":{"line":30,"column":1}},"7":{"start":{"line":29,"column":44},"end":{"line":29,"column":80}},"8":{"start":{"line":32,"column":27},"end":{"line":35,"column":2}},"9":{"start":{"line":32,"column":49},"end":{"line":35,"column":1}},"10":{"start":{"line":33,"column":34},"end":{"line":33,"column":68}},"11":{"start":{"line":34,"column":27},"end":{"line":34,"column":56}}},"fnMap":{"0":{"name":"(anonymous_0)","decl":{"start":{"line":7,"column":15},"end":{"line":7,"column":16}},"loc":{"start":{"line":7,"column":26},"end":{"line":10,"column":5}},"line":7},"1":{"name":"(anonymous_1)","decl":{"start":{"line":11,"column":15},"end":{"line":11,"column":16}},"loc":{"start":{"line":11,"column":21},"end":{"line":14,"column":5}},"line":11},"2":{"name":"(anonymous_2)","decl":{"start":{"line":15,"column":4},"end":{"line":15,"column":5}},"loc":{"start":{"line":15,"column":13},"end":{"line":25,"column":5}},"line":15},"3":{"name":"(anonymous_3)","decl":{"start":{"line":28,"column":24},"end":{"line":28,"column":25}},"loc":{"start":{"line":28,"column":43},"end":{"line":30,"column":1}},"line":28},"4":{"name":"(anonymous_4)","decl":{"start":{"line":29,"column":33},"end":{"line":29,"column":34}},"loc":{"start":{"line":29,"column":44},"end":{"line":29,"column":80}},"line":29},"5":{"name":"(anonymous_5)","decl":{"start":{"line":32,"column":27},"end":{"line":32,"column":28}},"loc":{"start":{"line":32,"column":49},"end":{"line":35,"column":1}},"line":32},"6":{"name":"(anonymous_6)","decl":{"start":{"line":33,"column":17},"end":{"line":33,"column":18}},"loc":{"start":{"line":33,"column":34},"end":{"line":33,"column":68}},"line":33},"7":{"name":"(anonymous_7)","decl":{"start":{"line":34,"column":19},"end":{"line":34,"column":20}},"loc":{"start":{"line":34,"column":27},"end":{"line":34,"column":56}},"line":34}},"branchMap":{},"s":{"0":1,"1":1,"2":1,"3":1,"4":3,"5":1,"6":0,"7":0,"8":1,"9":0,"10":0,"11":0},"f":{"0":1,"1":1,"2":3,"3":0,"4":0,"5":0,"6":0,"7":0},"b":{},"_coverageSchema":"332fd63041d2c1bcb487cc26dd0d5f7d97098a6c","hash":"5f9acb49f67a489219d668932a008a739bd9121d"}
,"/Users/cherubim/Development/Kurse und Tutorials/Udemy/The Complete React Web Developer Course (with Redux)/expensify-app/src/components/ExpenseDashboardPage.js": {"path":"/Users/cherubim/Development/Kurse und Tutorials/Udemy/The Complete React Web Developer Course (with Redux)/expensify-app/src/components/ExpenseDashboardPage.js","statementMap":{"0":{"start":{"line":5,"column":29},"end":{"line":10,"column":1}},"1":{"start":{"line":6,"column":4},"end":{"line":9,"column":10}}},"fnMap":{"0":{"name":"(anonymous_0)","decl":{"start":{"line":5,"column":29},"end":{"line":5,"column":30}},"loc":{"start":{"line":6,"column":4},"end":{"line":9,"column":10}},"line":6}},"branchMap":{},"s":{"0":1,"1":1},"f":{"0":1},"b":{},"_coverageSchema":"332fd63041d2c1bcb487cc26dd0d5f7d97098a6c","hash":"a5bda9eacb5dcb73e7f537fa94b0a1b4a5dfc055"}
,"/Users/cherubim/Development/Kurse und Tutorials/Udemy/The Complete React Web Developer Course (with Redux)/expensify-app/src/components/ExpenseForm.js": {"path":"/Users/cherubim/Development/Kurse und Tutorials/Udemy/The Complete React Web Developer Course (with Redux)/expensify-app/src/components/ExpenseForm.js","statementMap":{"0":{"start":{"line":7,"column":8},"end":{"line":7,"column":20}},"1":{"start":{"line":9,"column":8},"end":{"line":16,"column":9}},"2":{"start":{"line":19,"column":28},"end":{"line":19,"column":42}},"3":{"start":{"line":20,"column":8},"end":{"line":20,"column":46}},"4":{"start":{"line":20,"column":29},"end":{"line":20,"column":44}},"5":{"start":{"line":23,"column":21},"end":{"line":23,"column":35}},"6":{"start":{"line":24,"column":8},"end":{"line":24,"column":39}},"7":{"start":{"line":24,"column":29},"end":{"line":24,"column":37}},"8":{"start":{"line":27,"column":23},"end":{"line":27,"column":37}},"9":{"start":{"line":29,"column":8},"end":{"line":31,"column":9}},"10":{"start":{"line":30,"column":12},"end":{"line":30,"column":45}},"11":{"start":{"line":30,"column":33},"end":{"line":30,"column":43}},"12":{"start":{"line":34,"column":8},"end":{"line":36,"column":9}},"13":{"start":{"line":35,"column":12},"end":{"line":35,"column":48}},"14":{"start":{"line":35,"column":33},"end":{"line":35,"column":46}},"15":{"start":{"line":39,"column":8},"end":{"line":39,"column":59}},"16":{"start":{"line":39,"column":29},"end":{"line":39,"column":57}},"17":{"start":{"line":42,"column":8},"end":{"line":42,"column":26}},"18":{"start":{"line":44,"column":8},"end":{"line":54,"column":9}},"19":{"start":{"line":45,"column":12},"end":{"line":45,"column":85}},"20":{"start":{"line":45,"column":33},"end":{"line":45,"column":83}},"21":{"start":{"line":47,"column":12},"end":{"line":47,"column":48}},"22":{"start":{"line":47,"column":33},"end":{"line":47,"column":46}},"23":{"start":{"line":48,"column":12},"end":{"line":53,"column":14}},"24":{"start":{"line":57,"column":8},"end":{"line":91,"column":9}},"25":{"start":{"line":80,"column":46},"end":{"line":80,"column":51}}},"fnMap":{"0":{"name":"(anonymous_0)","decl":{"start":{"line":6,"column":4},"end":{"line":6,"column":5}},"loc":{"start":{"line":6,"column":23},"end":{"line":17,"column":5}},"line":6},"1":{"name":"(anonymous_1)","decl":{"start":{"line":18,"column":26},"end":{"line":18,"column":27}},"loc":{"start":{"line":18,"column":31},"end":{"line":21,"column":5}},"line":18},"2":{"name":"(anonymous_2)","decl":{"start":{"line":20,"column":22},"end":{"line":20,"column":23}},"loc":{"start":{"line":20,"column":29},"end":{"line":20,"column":44}},"line":20},"3":{"name":"(anonymous_3)","decl":{"start":{"line":22,"column":19},"end":{"line":22,"column":20}},"loc":{"start":{"line":22,"column":24},"end":{"line":25,"column":5}},"line":22},"4":{"name":"(anonymous_4)","decl":{"start":{"line":24,"column":22},"end":{"line":24,"column":23}},"loc":{"start":{"line":24,"column":29},"end":{"line":24,"column":37}},"line":24},"5":{"name":"(anonymous_5)","decl":{"start":{"line":26,"column":21},"end":{"line":26,"column":22}},"loc":{"start":{"line":26,"column":26},"end":{"line":32,"column":5}},"line":26},"6":{"name":"(anonymous_6)","decl":{"start":{"line":30,"column":26},"end":{"line":30,"column":27}},"loc":{"start":{"line":30,"column":33},"end":{"line":30,"column":43}},"line":30},"7":{"name":"(anonymous_7)","decl":{"start":{"line":33,"column":19},"end":{"line":33,"column":20}},"loc":{"start":{"line":33,"column":32},"end":{"line":37,"column":5}},"line":33},"8":{"name":"(anonymous_8)","decl":{"start":{"line":35,"column":26},"end":{"line":35,"column":27}},"loc":{"start":{"line":35,"column":33},"end":{"line":35,"column":46}},"line":35},"9":{"name":"(anonymous_9)","decl":{"start":{"line":38,"column":20},"end":{"line":38,"column":21}},"loc":{"start":{"line":38,"column":37},"end":{"line":40,"column":5}},"line":38},"10":{"name":"(anonymous_10)","decl":{"start":{"line":39,"column":22},"end":{"line":39,"column":23}},"loc":{"start":{"line":39,"column":29},"end":{"line":39,"column":57}},"line":39},"11":{"name":"(anonymous_11)","decl":{"start":{"line":41,"column":15},"end":{"line":41,"column":16}},"loc":{"start":{"line":41,"column":20},"end":{"line":55,"column":5}},"line":41},"12":{"name":"(anonymous_12)","decl":{"start":{"line":45,"column":26},"end":{"line":45,"column":27}},"loc":{"start":{"line":45,"column":33},"end":{"line":45,"column":83}},"line":45},"13":{"name":"(anonymous_13)","decl":{"start":{"line":47,"column":26},"end":{"line":47,"column":27}},"loc":{"start":{"line":47,"column":33},"end":{"line":47,"column":46}},"line":47},"14":{"name":"(anonymous_14)","decl":{"start":{"line":56,"column":4},"end":{"line":56,"column":5}},"loc":{"start":{"line":56,"column":13},"end":{"line":92,"column":5}},"line":56},"15":{"name":"(anonymous_15)","decl":{"start":{"line":80,"column":40},"end":{"line":80,"column":41}},"loc":{"start":{"line":80,"column":46},"end":{"line":80,"column":51}},"line":80}},"branchMap":{"0":{"loc":{"start":{"line":10,"column":25},"end":{"line":10,"column":71}},"type":"cond-expr","locations":[{"start":{"line":10,"column":41},"end":{"line":10,"column":66}},{"start":{"line":10,"column":69},"end":{"line":10,"column":71}}],"line":10},"1":{"loc":{"start":{"line":11,"column":18},"end":{"line":11,"column":57}},"type":"cond-expr","locations":[{"start":{"line":11,"column":34},"end":{"line":11,"column":52}},{"start":{"line":11,"column":55},"end":{"line":11,"column":57}}],"line":11},"2":{"loc":{"start":{"line":12,"column":20},"end":{"line":12,"column":80}},"type":"cond-expr","locations":[{"start":{"line":12,"column":36},"end":{"line":12,"column":75}},{"start":{"line":12,"column":78},"end":{"line":12,"column":80}}],"line":12},"3":{"loc":{"start":{"line":13,"column":23},"end":{"line":13,"column":81}},"type":"cond-expr","locations":[{"start":{"line":13,"column":39},"end":{"line":13,"column":70}},{"start":{"line":13,"column":73},"end":{"line":13,"column":81}}],"line":13},"4":{"loc":{"start":{"line":29,"column":8},"end":{"line":31,"column":9}},"type":"if","locations":[{"start":{"line":29,"column":8},"end":{"line":31,"column":9}},{"start":{"line":29,"column":8},"end":{"line":31,"column":9}}],"line":29},"5":{"loc":{"start":{"line":29,"column":12},"end":{"line":29,"column":59}},"type":"binary-expr","locations":[{"start":{"line":29,"column":12},"end":{"line":29,"column":19}},{"start":{"line":29,"column":23},"end":{"line":29,"column":59}}],"line":29},"6":{"loc":{"start":{"line":34,"column":8},"end":{"line":36,"column":9}},"type":"if","locations":[{"start":{"line":34,"column":8},"end":{"line":36,"column":9}},{"start":{"line":34,"column":8},"end":{"line":36,"column":9}}],"line":34},"7":{"loc":{"start":{"line":44,"column":8},"end":{"line":54,"column":9}},"type":"if","locations":[{"start":{"line":44,"column":8},"end":{"line":54,"column":9}},{"start":{"line":44,"column":8},"end":{"line":54,"column":9}}],"line":44},"8":{"loc":{"start":{"line":44,"column":12},"end":{"line":44,"column":57}},"type":"binary-expr","locations":[{"start":{"line":44,"column":12},"end":{"line":44,"column":35}},{"start":{"line":44,"column":39},"end":{"line":44,"column":57}}],"line":44},"9":{"loc":{"start":{"line":59,"column":17},"end":{"line":59,"column":62}},"type":"binary-expr","locations":[{"start":{"line":59,"column":17},"end":{"line":59,"column":33}},{"start":{"line":59,"column":37},"end":{"line":59,"column":62}}],"line":59}},"s":{"0":10,"1":10,"2":1,"3":1,"4":1,"5":1,"6":1,"7":1,"8":2,"9":2,"10":1,"11":1,"12":1,"13":1,"14":1,"15":1,"16":1,"17":2,"18":2,"19":1,"20":1,"21":1,"22":1,"23":1,"24":17,"25":0},"f":{"0":10,"1":1,"2":1,"3":1,"4":1,"5":2,"6":1,"7":1,"8":1,"9":1,"10":1,"11":2,"12":1,"13":1,"14":17,"15":0},"b":{"0":[2,8],"1":[2,8],"2":[2,8],"3":[2,8],"4":[1,1],"5":[2,2],"6":[1,0],"7":[1,1],"8":[2,1],"9":[17,1]},"_coverageSchema":"332fd63041d2c1bcb487cc26dd0d5f7d97098a6c","hash":"6a8daf5c510d16352e70c3fd0997493206d18995"}
,"/Users/cherubim/Development/Kurse und Tutorials/Udemy/The Complete React Web Developer Course (with Redux)/expensify-app/src/components/ExpenseList.js": {"path":"/Users/cherubim/Development/Kurse und Tutorials/Udemy/The Complete React Web Developer Course (with Redux)/expensify-app/src/components/ExpenseList.js","statementMap":{"0":{"start":{"line":6,"column":27},"end":{"line":18,"column":1}},"1":{"start":{"line":7,"column":4},"end":{"line":17,"column":10}},"2":{"start":{"line":13,"column":20},"end":{"line":13,"column":69}},"3":{"start":{"line":20,"column":24},"end":{"line":24,"column":1}},"4":{"start":{"line":21,"column":4},"end":{"line":23,"column":5}}},"fnMap":{"0":{"name":"(anonymous_0)","decl":{"start":{"line":6,"column":27},"end":{"line":6,"column":28}},"loc":{"start":{"line":7,"column":4},"end":{"line":17,"column":10}},"line":7},"1":{"name":"(anonymous_1)","decl":{"start":{"line":12,"column":35},"end":{"line":12,"column":36}},"loc":{"start":{"line":13,"column":20},"end":{"line":13,"column":69}},"line":13},"2":{"name":"(anonymous_2)","decl":{"start":{"line":20,"column":24},"end":{"line":20,"column":25}},"loc":{"start":{"line":20,"column":33},"end":{"line":24,"column":1}},"line":20}},"branchMap":{"0":{"loc":{"start":{"line":9,"column":12},"end":{"line":15,"column":13}},"type":"cond-expr","locations":[{"start":{"line":10,"column":16},"end":{"line":10,"column":34}},{"start":{"line":12,"column":16},"end":{"line":14,"column":18}}],"line":9}},"s":{"0":2,"1":2,"2":3,"3":2,"4":0},"f":{"0":2,"1":3,"2":0},"b":{"0":[1,1]},"_coverageSchema":"332fd63041d2c1bcb487cc26dd0d5f7d97098a6c","hash":"421b4f72f9283ad41cc95c521581c38750fdb945"}
,"/Users/cherubim/Development/Kurse und Tutorials/Udemy/The Complete React Web Developer Course (with Redux)/expensify-app/src/components/ExpenseListFilters.js": {"path":"/Users/cherubim/Development/Kurse und Tutorials/Udemy/The Complete React Web Developer Course (with Redux)/expensify-app/src/components/ExpenseListFilters.js","statementMap":{"0":{"start":{"line":11,"column":8},"end":{"line":11,"column":42}},"1":{"start":{"line":12,"column":8},"end":{"line":12,"column":38}},"2":{"start":{"line":15,"column":8},"end":{"line":15,"column":50}},"3":{"start":{"line":15,"column":29},"end":{"line":15,"column":48}},"4":{"start":{"line":18,"column":8},"end":{"line":18,"column":48}},"5":{"start":{"line":21,"column":8},"end":{"line":25,"column":9}},"6":{"start":{"line":22,"column":12},"end":{"line":22,"column":35}},"7":{"start":{"line":23,"column":15},"end":{"line":25,"column":9}},"8":{"start":{"line":24,"column":12},"end":{"line":24,"column":37}},"9":{"start":{"line":28,"column":8},"end":{"line":53,"column":9}},"10":{"start":{"line":50,"column":42},"end":{"line":50,"column":47}},"11":{"start":{"line":57,"column":24},"end":{"line":59,"column":2}},"12":{"start":{"line":57,"column":34},"end":{"line":59,"column":1}},"13":{"start":{"line":61,"column":27},"end":{"line":67,"column":2}},"14":{"start":{"line":61,"column":40},"end":{"line":67,"column":1}},"15":{"start":{"line":62,"column":27},"end":{"line":62,"column":56}},"16":{"start":{"line":63,"column":22},"end":{"line":63,"column":44}},"17":{"start":{"line":64,"column":24},"end":{"line":64,"column":48}},"18":{"start":{"line":65,"column":31},"end":{"line":65,"column":64}},"19":{"start":{"line":66,"column":27},"end":{"line":66,"column":56}}},"fnMap":{"0":{"name":"(anonymous_0)","decl":{"start":{"line":10,"column":20},"end":{"line":10,"column":21}},"loc":{"start":{"line":10,"column":48},"end":{"line":13,"column":5}},"line":10},"1":{"name":"(anonymous_1)","decl":{"start":{"line":14,"column":20},"end":{"line":14,"column":21}},"loc":{"start":{"line":14,"column":39},"end":{"line":16,"column":5}},"line":14},"2":{"name":"(anonymous_2)","decl":{"start":{"line":15,"column":22},"end":{"line":15,"column":23}},"loc":{"start":{"line":15,"column":29},"end":{"line":15,"column":48}},"line":15},"3":{"name":"(anonymous_3)","decl":{"start":{"line":17,"column":19},"end":{"line":17,"column":20}},"loc":{"start":{"line":17,"column":24},"end":{"line":19,"column":5}},"line":17},"4":{"name":"(anonymous_4)","decl":{"start":{"line":20,"column":19},"end":{"line":20,"column":20}},"loc":{"start":{"line":20,"column":24},"end":{"line":26,"column":5}},"line":20},"5":{"name":"(anonymous_5)","decl":{"start":{"line":27,"column":4},"end":{"line":27,"column":5}},"loc":{"start":{"line":27,"column":13},"end":{"line":54,"column":5}},"line":27},"6":{"name":"(anonymous_6)","decl":{"start":{"line":50,"column":36},"end":{"line":50,"column":37}},"loc":{"start":{"line":50,"column":42},"end":{"line":50,"column":47}},"line":50},"7":{"name":"(anonymous_7)","decl":{"start":{"line":57,"column":24},"end":{"line":57,"column":25}},"loc":{"start":{"line":57,"column":34},"end":{"line":59,"column":1}},"line":57},"8":{"name":"(anonymous_8)","decl":{"start":{"line":61,"column":27},"end":{"line":61,"column":28}},"loc":{"start":{"line":61,"column":40},"end":{"line":67,"column":1}},"line":61},"9":{"name":"(anonymous_9)","decl":{"start":{"line":62,"column":19},"end":{"line":62,"column":20}},"loc":{"start":{"line":62,"column":27},"end":{"line":62,"column":56}},"line":62},"10":{"name":"(anonymous_10)","decl":{"start":{"line":63,"column":16},"end":{"line":63,"column":17}},"loc":{"start":{"line":63,"column":22},"end":{"line":63,"column":44}},"line":63},"11":{"name":"(anonymous_11)","decl":{"start":{"line":64,"column":18},"end":{"line":64,"column":19}},"loc":{"start":{"line":64,"column":24},"end":{"line":64,"column":48}},"line":64},"12":{"name":"(anonymous_12)","decl":{"start":{"line":65,"column":18},"end":{"line":65,"column":19}},"loc":{"start":{"line":65,"column":31},"end":{"line":65,"column":64}},"line":65},"13":{"name":"(anonymous_13)","decl":{"start":{"line":66,"column":16},"end":{"line":66,"column":17}},"loc":{"start":{"line":66,"column":27},"end":{"line":66,"column":56}},"line":66}},"branchMap":{"0":{"loc":{"start":{"line":21,"column":8},"end":{"line":25,"column":9}},"type":"if","locations":[{"start":{"line":21,"column":8},"end":{"line":25,"column":9}},{"start":{"line":21,"column":8},"end":{"line":25,"column":9}}],"line":21},"1":{"loc":{"start":{"line":23,"column":15},"end":{"line":25,"column":9}},"type":"if","locations":[{"start":{"line":23,"column":15},"end":{"line":25,"column":9}},{"start":{"line":23,"column":15},"end":{"line":25,"column":9}}],"line":23}},"s":{"0":1,"1":1,"2":1,"3":1,"4":1,"5":2,"6":1,"7":1,"8":1,"9":11,"10":0,"11":2,"12":0,"13":2,"14":0,"15":0,"16":0,"17":0,"18":0,"19":0},"f":{"0":1,"1":1,"2":1,"3":1,"4":2,"5":11,"6":0,"7":0,"8":0,"9":0,"10":0,"11":0,"12":0,"13":0},"b":{"0":[1,1],"1":[1,0]},"_coverageSchema":"332fd63041d2c1bcb487cc26dd0d5f7d97098a6c","hash":"7d46c41b6e4b7e3693007f1f7f9a1eae3ba69a80"}
,"/Users/cherubim/Development/Kurse und Tutorials/Udemy/The Complete React Web Developer Course (with Redux)/expensify-app/src/components/ExpenseListItem.js": {"path":"/Users/cherubim/Development/Kurse und Tutorials/Udemy/The Complete React Web Developer Course (with Redux)/expensify-app/src/components/ExpenseListItem.js","statementMap":{"0":{"start":{"line":4,"column":24},"end":{"line":13,"column":1}},"1":{"start":{"line":5,"column":4},"end":{"line":12,"column":10}}},"fnMap":{"0":{"name":"(anonymous_0)","decl":{"start":{"line":4,"column":24},"end":{"line":4,"column":25}},"loc":{"start":{"line":5,"column":4},"end":{"line":12,"column":10}},"line":5}},"branchMap":{},"s":{"0":3,"1":1},"f":{"0":1},"b":{},"_coverageSchema":"332fd63041d2c1bcb487cc26dd0d5f7d97098a6c","hash":"8b116553f40daeb3c355099fda20f247cdd8a9ab"}
,"/Users/cherubim/Development/Kurse und Tutorials/Udemy/The Complete React Web Developer Course (with Redux)/expensify-app/src/components/Header.js": {"path":"/Users/cherubim/Development/Kurse und Tutorials/Udemy/The Complete React Web Developer Course (with Redux)/expensify-app/src/components/Header.js","statementMap":{"0":{"start":{"line":4,"column":15},"end":{"line":10,"column":1}},"1":{"start":{"line":5,"column":4},"end":{"line":9,"column":13}}},"fnMap":{"0":{"name":"(anonymous_0)","decl":{"start":{"line":4,"column":15},"end":{"line":4,"column":16}},"loc":{"start":{"line":5,"column":4},"end":{"line":9,"column":13}},"line":5}},"branchMap":{},"s":{"0":1,"1":1},"f":{"0":1},"b":{},"_coverageSchema":"332fd63041d2c1bcb487cc26dd0d5f7d97098a6c","hash":"c894ad217e9e2c7d53a6319d7b7f6ccc7ac92c18"}
,"/Users/cherubim/Development/Kurse und Tutorials/Udemy/The Complete React Web Developer Course (with Redux)/expensify-app/src/components/NotFoundPage.js": {"path":"/Users/cherubim/Development/Kurse und Tutorials/Udemy/The Complete React Web Developer Course (with Redux)/expensify-app/src/components/NotFoundPage.js","statementMap":{"0":{"start":{"line":4,"column":21},"end":{"line":8,"column":1}},"1":{"start":{"line":5,"column":4},"end":{"line":7,"column":10}}},"fnMap":{"0":{"name":"(anonymous_0)","decl":{"start":{"line":4,"column":21},"end":{"line":4,"column":22}},"loc":{"start":{"line":5,"column":4},"end":{"line":7,"column":10}},"line":5}},"branchMap":{},"s":{"0":1,"1":1},"f":{"0":1},"b":{},"_coverageSchema":"332fd63041d2c1bcb487cc26dd0d5f7d97098a6c","hash":"27ae3e4820070922fc01e9fd057f7fde218efcce"}
,"/Users/cherubim/Development/Kurse und Tutorials/Udemy/The Complete React Web Developer Course (with Redux)/expensify-app/src/reducers/expenses.js": {"path":"/Users/cherubim/Development/Kurse und Tutorials/Udemy/The Complete React Web Developer Course (with Redux)/expensify-app/src/reducers/expenses.js","statementMap":{"0":{"start":{"line":2,"column":36},"end":{"line":2,"column":38}},"1":{"start":{"line":5,"column":4},"end":{"line":26,"column":5}},"2":{"start":{"line":7,"column":12},"end":{"line":10,"column":13}},"3":{"start":{"line":12,"column":12},"end":{"line":12,"column":61}},"4":{"start":{"line":12,"column":44},"end":{"line":12,"column":60}},"5":{"start":{"line":14,"column":12},"end":{"line":23,"column":14}},"6":{"start":{"line":15,"column":16},"end":{"line":22,"column":17}},"7":{"start":{"line":16,"column":20},"end":{"line":19,"column":21}},"8":{"start":{"line":21,"column":20},"end":{"line":21,"column":34}},"9":{"start":{"line":25,"column":12},"end":{"line":25,"column":24}}},"fnMap":{"0":{"name":"(anonymous_0)","decl":{"start":{"line":4,"column":15},"end":{"line":4,"column":16}},"loc":{"start":{"line":4,"column":64},"end":{"line":27,"column":1}},"line":4},"1":{"name":"(anonymous_1)","decl":{"start":{"line":12,"column":32},"end":{"line":12,"column":33}},"loc":{"start":{"line":12,"column":44},"end":{"line":12,"column":60}},"line":12},"2":{"name":"(anonymous_2)","decl":{"start":{"line":14,"column":29},"end":{"line":14,"column":30}},"loc":{"start":{"line":14,"column":40},"end":{"line":23,"column":13}},"line":14}},"branchMap":{"0":{"loc":{"start":{"line":4,"column":16},"end":{"line":4,"column":51}},"type":"default-arg","locations":[{"start":{"line":4,"column":24},"end":{"line":4,"column":51}}],"line":4},"1":{"loc":{"start":{"line":5,"column":4},"end":{"line":26,"column":5}},"type":"switch","locations":[{"start":{"line":6,"column":8},"end":{"line":10,"column":13}},{"start":{"line":11,"column":8},"end":{"line":12,"column":61}},{"start":{"line":13,"column":8},"end":{"line":23,"column":14}},{"start":{"line":24,"column":8},"end":{"line":25,"column":24}}],"line":5},"2":{"loc":{"start":{"line":15,"column":16},"end":{"line":22,"column":17}},"type":"if","locations":[{"start":{"line":15,"column":16},"end":{"line":22,"column":17}},{"start":{"line":15,"column":16},"end":{"line":22,"column":17}}],"line":15}},"s":{"0":1,"1":6,"2":1,"3":2,"4":6,"5":2,"6":6,"7":1,"8":5,"9":1},"f":{"0":6,"1":6,"2":6},"b":{"0":[1],"1":[1,2,2,1],"2":[1,5]},"_coverageSchema":"332fd63041d2c1bcb487cc26dd0d5f7d97098a6c","hash":"649108f8a1d2e638612379995f2e41562e9ea78d"}
,"/Users/cherubim/Development/Kurse und Tutorials/Udemy/The Complete React Web Developer Course (with Redux)/expensify-app/src/reducers/filters.js": {"path":"/Users/cherubim/Development/Kurse und Tutorials/Udemy/The Complete React Web Developer Course (with Redux)/expensify-app/src/reducers/filters.js","statementMap":{"0":{"start":{"line":4,"column":35},"end":{"line":9,"column":1}},"1":{"start":{"line":12,"column":4},"end":{"line":40,"column":5}},"2":{"start":{"line":14,"column":12},"end":{"line":17,"column":13}},"3":{"start":{"line":19,"column":12},"end":{"line":22,"column":13}},"4":{"start":{"line":24,"column":12},"end":{"line":27,"column":13}},"5":{"start":{"line":29,"column":12},"end":{"line":32,"column":13}},"6":{"start":{"line":34,"column":12},"end":{"line":37,"column":13}},"7":{"start":{"line":39,"column":12},"end":{"line":39,"column":24}}},"fnMap":{"0":{"name":"(anonymous_0)","decl":{"start":{"line":11,"column":15},"end":{"line":11,"column":16}},"loc":{"start":{"line":11,"column":63},"end":{"line":41,"column":1}},"line":11}},"branchMap":{"0":{"loc":{"start":{"line":11,"column":16},"end":{"line":11,"column":50}},"type":"default-arg","locations":[{"start":{"line":11,"column":24},"end":{"line":11,"column":50}}],"line":11},"1":{"loc":{"start":{"line":12,"column":4},"end":{"line":40,"column":5}},"type":"switch","locations":[{"start":{"line":13,"column":8},"end":{"line":17,"column":13}},{"start":{"line":18,"column":8},"end":{"line":22,"column":13}},{"start":{"line":23,"column":8},"end":{"line":27,"column":13}},{"start":{"line":28,"column":8},"end":{"line":32,"column":13}},{"start":{"line":33,"column":8},"end":{"line":37,"column":13}},{"start":{"line":38,"column":8},"end":{"line":39,"column":24}}],"line":12}},"s":{"0":1,"1":6,"2":1,"3":1,"4":1,"5":1,"6":1,"7":1},"f":{"0":6},"b":{"0":[5],"1":[1,1,1,1,1,1]},"_coverageSchema":"332fd63041d2c1bcb487cc26dd0d5f7d97098a6c","hash":"e5b894a18865a25cc493ca7b4effd7ed125e3d65"}
,"/Users/cherubim/Development/Kurse und Tutorials/Udemy/The Complete React Web Developer Course (with Redux)/expensify-app/src/selectors/expenses.js": {"path":"/Users/cherubim/Development/Kurse und Tutorials/Udemy/The Complete React Web Developer Course (with Redux)/expensify-app/src/selectors/expenses.js","statementMap":{"0":{"start":{"line":5,"column":4},"end":{"line":18,"column":6}},"1":{"start":{"line":6,"column":32},"end":{"line":6,"column":57}},"2":{"start":{"line":7,"column":31},"end":{"line":7,"column":98}},"3":{"start":{"line":8,"column":29},"end":{"line":8,"column":91}},"4":{"start":{"line":9,"column":26},"end":{"line":9,"column":88}},"5":{"start":{"line":11,"column":8},"end":{"line":11,"column":58}},"6":{"start":{"line":13,"column":8},"end":{"line":17,"column":9}},"7":{"start":{"line":14,"column":12},"end":{"line":14,"column":53}},"8":{"start":{"line":15,"column":15},"end":{"line":17,"column":9}},"9":{"start":{"line":16,"column":12},"end":{"line":16,"column":46}}},"fnMap":{"0":{"name":"(anonymous_0)","decl":{"start":{"line":4,"column":15},"end":{"line":4,"column":16}},"loc":{"start":{"line":4,"column":67},"end":{"line":19,"column":1}},"line":4},"1":{"name":"(anonymous_1)","decl":{"start":{"line":5,"column":27},"end":{"line":5,"column":28}},"loc":{"start":{"line":5,"column":38},"end":{"line":12,"column":5}},"line":5},"2":{"name":"(anonymous_2)","decl":{"start":{"line":12,"column":12},"end":{"line":12,"column":13}},"loc":{"start":{"line":12,"column":22},"end":{"line":18,"column":5}},"line":12}},"branchMap":{"0":{"loc":{"start":{"line":7,"column":31},"end":{"line":7,"column":98}},"type":"cond-expr","locations":[{"start":{"line":7,"column":43},"end":{"line":7,"column":91}},{"start":{"line":7,"column":94},"end":{"line":7,"column":98}}],"line":7},"1":{"loc":{"start":{"line":8,"column":29},"end":{"line":8,"column":91}},"type":"cond-expr","locations":[{"start":{"line":8,"column":39},"end":{"line":8,"column":84}},{"start":{"line":8,"column":87},"end":{"line":8,"column":91}}],"line":8},"2":{"loc":{"start":{"line":11,"column":15},"end":{"line":11,"column":58}},"type":"binary-expr","locations":[{"start":{"line":11,"column":15},"end":{"line":11,"column":29}},{"start":{"line":11,"column":33},"end":{"line":11,"column":45}},{"start":{"line":11,"column":49},"end":{"line":11,"column":58}}],"line":11},"3":{"loc":{"start":{"line":13,"column":8},"end":{"line":17,"column":9}},"type":"if","locations":[{"start":{"line":13,"column":8},"end":{"line":17,"column":9}},{"start":{"line":13,"column":8},"end":{"line":17,"column":9}}],"line":13},"4":{"loc":{"start":{"line":14,"column":19},"end":{"line":14,"column":53}},"type":"cond-expr","locations":[{"start":{"line":14,"column":47},"end":{"line":14,"column":48}},{"start":{"line":14,"column":51},"end":{"line":14,"column":53}}],"line":14},"5":{"loc":{"start":{"line":15,"column":15},"end":{"line":17,"column":9}},"type":"if","locations":[{"start":{"line":15,"column":15},"end":{"line":17,"column":9}},{"start":{"line":15,"column":15},"end":{"line":17,"column":9}}],"line":15},"6":{"loc":{"start":{"line":16,"column":19},"end":{"line":16,"column":46}},"type":"cond-expr","locations":[{"start":{"line":16,"column":41},"end":{"line":16,"column":42}},{"start":{"line":16,"column":44},"end":{"line":16,"column":46}}],"line":16}},"s":{"0":5,"1":15,"2":15,"3":15,"4":15,"5":15,"6":11,"7":7,"8":4,"9":4},"f":{"0":5,"1":15,"2":11},"b":{"0":[3,12],"1":[3,12],"2":[15,14,13],"3":[7,4],"4":[2,5],"5":[4,0],"6":[2,2]},"_coverageSchema":"332fd63041d2c1bcb487cc26dd0d5f7d97098a6c","hash":"3d1f318f0a47f1da775de779a243b81388ef5b74"}
,"/Users/cherubim/Development/Kurse und Tutorials/Udemy/The Complete React Web Developer Course (with Redux)/expensify-app/src/tests/setupTests.js": {"path":"/Users/cherubim/Development/Kurse und Tutorials/Udemy/The Complete React Web Developer Course (with Redux)/expensify-app/src/tests/setupTests.js","statementMap":{"0":{"start":{"line":4,"column":0},"end":{"line":6,"column":2}}},"fnMap":{},"branchMap":{},"s":{"0":14},"f":{},"b":{},"_coverageSchema":"332fd63041d2c1bcb487cc26dd0d5f7d97098a6c","hash":"95a2b9021e6cfaa7c9808e68e9adcbe287f34e8a"}
,"/Users/cherubim/Development/Kurse und Tutorials/Udemy/The Complete React Web Developer Course (with Redux)/expensify-app/src/tests/fixtures/expenses.js": {"path":"/Users/cherubim/Development/Kurse und Tutorials/Udemy/The Complete React Web Developer Course (with Redux)/expensify-app/src/tests/fixtures/expenses.js","statementMap":{},"fnMap":{},"branchMap":{},"s":{},"f":{},"b":{},"_coverageSchema":"332fd63041d2c1bcb487cc26dd0d5f7d97098a6c","hash":"d2180e456e7e2ac49d148ff81308ba4d72755966"}
,"/Users/cherubim/Development/Kurse und Tutorials/Udemy/The Complete React Web Developer Course (with Redux)/expensify-app/src/tests/fixtures/filters.js": {"path":"/Users/cherubim/Development/Kurse und Tutorials/Udemy/The Complete React Web Developer Course (with Redux)/expensify-app/src/tests/fixtures/filters.js","statementMap":{"0":{"start":{"line":3,"column":16},"end":{"line":8,"column":1}},"1":{"start":{"line":10,"column":19},"end":{"line":15,"column":1}}},"fnMap":{},"branchMap":{},"s":{"0":1,"1":1},"f":{},"b":{},"_coverageSchema":"332fd63041d2c1bcb487cc26dd0d5f7d97098a6c","hash":"2ac4fb1c1f9e67ccf8041e69c6978ec4af70e349"}
}
